c:\users\alex\desktop\tu.cg.lab\tu.cg.lab\obj\debug\x64\vc143.pdb
c:\users\alex\desktop\tu.cg.lab\tu.cg.lab\obj\debug\x64\vc143.idb
c:\users\alex\desktop\tu.cg.lab\tu.cg.lab\obj\debug\x64\stb_image.obj
c:\users\alex\desktop\tu.cg.lab\tu.cg.lab\obj\debug\x64\glad.obj
c:\users\alex\desktop\tu.cg.lab\tu.cg.lab\obj\debug\x64\vertexarray.obj
c:\users\alex\desktop\tu.cg.lab\tu.cg.lab\obj\debug\x64\vertexattributecontainer.obj
c:\users\alex\desktop\tu.cg.lab\tu.cg.lab\obj\debug\x64\vertexbuffer.obj
c:\users\alex\desktop\tu.cg.lab\tu.cg.lab\obj\debug\x64\window.obj
c:\users\alex\desktop\tu.cg.lab\tu.cg.lab\obj\debug\x64\shaderprogram.obj
c:\users\alex\desktop\tu.cg.lab\tu.cg.lab\obj\debug\x64\main.obj
c:\users\alex\desktop\tu.cg.lab\tu.cg.lab\obj\debug\x64\inputmanager.obj
c:\users\alex\desktop\tu.cg.lab\tu.cg.lab\obj\debug\x64\elementbuffer.obj
c:\users\alex\desktop\tu.cg.lab\tu.cg.lab\obj\debug\x64\camera3d.obj
c:\users\alex\desktop\tu.cg.lab\tu.cg.lab\obj\debug\x64\application_gettingstarted.obj
c:\users\alex\desktop\tu.cg.lab\tu.cg.lab\bin\debug\x64\tu.cg.lab.exe
c:\users\alex\desktop\tu.cg.lab\tu.cg.lab\obj\debug\x64\tu.cg.lab.ilk
c:\users\alex\desktop\tu.cg.lab\tu.cg.lab\bin\debug\x64\tu.cg.lab.pdb
c:\users\alex\desktop\tu.cg.lab\tu.cg.lab\obj\debug\x64\tu.cg.lab.vcxproj.filelistabsolute.txt
c:\users\alex\desktop\tu.cg.lab\tu.cg.lab\obj\debug\x64\tu.cg.lab.tlog\cl.command.1.tlog
c:\users\alex\desktop\tu.cg.lab\tu.cg.lab\obj\debug\x64\tu.cg.lab.tlog\cl.read.1.tlog
c:\users\alex\desktop\tu.cg.lab\tu.cg.lab\obj\debug\x64\tu.cg.lab.tlog\cl.write.1.tlog
c:\users\alex\desktop\tu.cg.lab\tu.cg.lab\obj\debug\x64\tu.cg.lab.tlog\link.command.1.tlog
c:\users\alex\desktop\tu.cg.lab\tu.cg.lab\obj\debug\x64\tu.cg.lab.tlog\link.read.1.tlog
c:\users\alex\desktop\tu.cg.lab\tu.cg.lab\obj\debug\x64\tu.cg.lab.tlog\link.write.1.tlog
